<?xml version="1.0" encoding="UTF-8"?>
<!-- Generated by org.testng.reporters.JUnitReportReporter -->
<testsuite hostname="LAPTOP-3TRUBLN6" failures="0" tests="1" name="org.demos.Facebook1" time="0.012" errors="0" timestamp="2024-12-17T11:48:58 IST" skipped="0">
  <testcase classname="org.demos.Facebook1" name="testName" time="0.012"/>
</testsuite> <!-- org.demos.Facebook1 -->
