<?xml version="1.0" encoding="UTF-8"?>
<!-- Generated by org.testng.reporters.JUnitReportReporter -->
<testsuite hostname="LAPTOP-3TRUBLN6" failures="0" tests="1" name="Base.Run" time="1.072" errors="0" timestamp="2024-12-13T14:28:52 IST" skipped="0">
  <testcase classname="Base.Run" name="openUrl" time="1.072"/>
</testsuite> <!-- Base.Run -->
