<?xml version="1.0" encoding="UTF-8"?>
<!-- Generated by org.testng.reporters.JUnitReportReporter -->
<testsuite hostname="LAPTOP-3TRUBLN6" failures="0" tests="1" name="org.demos.FbIndex" time="1.121" errors="0" timestamp="2024-12-17T13:39:48 IST" skipped="0">
  <testcase classname="org.demos.FbIndex" name="caseOne" time="1.121"/>
</testsuite> <!-- org.demos.FbIndex -->
