<?xml version="1.0" encoding="UTF-8"?>
<!-- Generated by org.testng.reporters.JUnitReportReporter -->
<testsuite hostname="LAPTOP-3TRUBLN6" failures="0" tests="1" name="org.demos.Screenshot" time="8.980" errors="0" timestamp="2024-12-04T14:39:21 IST" skipped="0">
  <testcase classname="org.demos.Screenshot" name="facebook" time="8.980"/>
</testsuite> <!-- org.demos.Screenshot -->
