<?xml version="1.0" encoding="UTF-8"?>
<!-- Generated by org.testng.reporters.JUnitReportReporter -->
<testsuite hostname="LAPTOP-3TRUBLN6" failures="0" tests="1" name="org.demos.Alerts" time="25.372" errors="0" timestamp="2024-11-29T15:18:26 IST" skipped="0">
  <testcase classname="org.demos.Alerts" name="click_alerts" time="25.372"/>
</testsuite> <!-- org.demos.Alerts -->
