<?xml version="1.0" encoding="UTF-8"?>
<!-- Generated by org.testng.reporters.JUnitReportReporter -->
<testsuite hostname="LAPTOP-3TRUBLN6" failures="0" tests="5" name="org.demos.Fitpeo" time="14.167" errors="0" timestamp="2024-11-26T12:06:56 IST" skipped="0">
  <testcase classname="org.demos.Fitpeo" name="Re_Update_Text_Filed" time="2.497"/>
  <testcase classname="org.demos.Fitpeo" name="Select_CPT_Codes" time="0.864"/>
  <testcase classname="org.demos.Fitpeo" name="Udate_text_filed" time="6.687"/>
  <testcase classname="org.demos.Fitpeo" name="navigate_to_Revenue_Calculator" time="0.097"/>
  <testcase classname="org.demos.Fitpeo" name="Slider" time="4.022"/>
</testsuite> <!-- org.demos.Fitpeo -->
