<?xml version="1.0" encoding="UTF-8"?>
<!-- Generated by org.testng.reporters.JUnitReportReporter -->
<testsuite hostname="LAPTOP-3TRUBLN6" failures="0" tests="1" name="org.demos.Script" time="5.689" errors="0" timestamp="2024-12-05T16:19:13 IST" skipped="0">
  <testcase classname="org.demos.Script" name="javascript" time="5.689"/>
</testsuite> <!-- org.demos.Script -->
