<?xml version="1.0" encoding="UTF-8"?>
<!-- Generated by org.testng.reporters.JUnitReportReporter -->
<testsuite hostname="LAPTOP-3TRUBLN6" failures="0" tests="1" name="org.demos.Auto" time="2.484" errors="0" timestamp="2025-01-30T15:15:36 IST" skipped="0">
  <testcase classname="org.demos.Auto" name="Login" time="2.484"/>
  <system-out/>
</testsuite> <!-- org.demos.Auto -->
