<?xml version="1.0" encoding="UTF-8"?>
<!-- Generated by org.testng.reporters.JUnitReportReporter -->
<testsuite hostname="LAPTOP-3TRUBLN6" failures="0" tests="10" name="org.demos.AdactinHotel" time="4.484" errors="0" timestamp="2025-04-15T11:13:18 IST" skipped="0">
  <testcase classname="org.demos.AdactinHotel" name="AdctinTextVisble" time="0.218"/>
  <system-out/>
  <testcase classname="org.demos.AdactinHotel" name="Login_Userename_and_Password" time="1.230"/>
  <system-out/>
  <testcase classname="org.demos.AdactinHotel" name="Search_Hotel" time="0.282"/>
  <system-out/>
  <testcase classname="org.demos.AdactinHotel" name="Room_type" time="0.103"/>
  <system-out/>
  <testcase classname="org.demos.AdactinHotel" name="Number_of_Rooms" time="0.124"/>
  <system-out/>
  <testcase classname="org.demos.AdactinHotel" name="Check_In_and_Check_out_Date" time="0.236"/>
  <system-out/>
  <testcase classname="org.demos.AdactinHotel" name="Adults_and_Childrens" time="0.219"/>
  <system-out/>
  <testcase classname="org.demos.AdactinHotel" name="Search" time="1.049"/>
  <system-out/>
  <testcase classname="org.demos.AdactinHotel" name="Search_hotel_and_Contiue" time="0.475"/>
  <system-out/>
  <testcase classname="org.demos.AdactinHotel" name="Screenshot" time="0.548"/>
  <system-out/>
</testsuite> <!-- org.demos.AdactinHotel -->
