<?xml version="1.0" encoding="UTF-8"?>
<!-- Generated by org.testng.reporters.JUnitReportReporter -->
<testsuite hostname="LAPTOP-3TRUBLN6" failures="0" tests="1" name="Base.Open" time="0.172" errors="0" timestamp="2024-12-13T15:07:56 IST" skipped="0">
  <testcase classname="Base.Open" name="testName" time="0.172"/>
</testsuite> <!-- Base.Open -->
