<?xml version="1.0" encoding="UTF-8"?>
<!-- Generated by org.testng.reporters.JUnitReportReporter -->
<testsuite hostname="LAPTOP-3TRUBLN6" failures="0" tests="5" name="org.demos.Fitpeo" time="12.544" errors="0" timestamp="2024-11-26T20:33:52 IST" skipped="0">
  <testcase classname="org.demos.Fitpeo" name="Re_Update_Text_Filed" time="1.749"/>
  <testcase classname="org.demos.Fitpeo" name="Select_CPT_Codes" time="0.602"/>
  <testcase classname="org.demos.Fitpeo" name="navigate_to_Revenue_Calculator" time="0.062"/>
  <testcase classname="org.demos.Fitpeo" name="Slider" time="3.777"/>
  <testcase classname="org.demos.Fitpeo" name="Udate_text_filed" time="6.354"/>
</testsuite> <!-- org.demos.Fitpeo -->
